[01m[K/home/ubuntu/workspaces/diff_robot/src/diff_interface/src/motor_control.cpp:[m[K In member function â€˜[01m[Kint motor_control::start_encoders()[m[Kâ€™:
[01m[K/home/ubuntu/workspaces/diff_robot/src/diff_interface/src/motor_control.cpp:36:5:[m[K [01;31m[Kerror: [m[Kâ€˜[01m[Kdec1[m[Kâ€™ was not declared in this scope
   36 |     [01;31m[Kdec1[m[K = new re_decoder(7, 8, callback1);
      |     [01;31m[K^~~~[m[K
[01m[K/home/ubuntu/workspaces/diff_robot/src/diff_interface/src/motor_control.cpp:36:16:[m[K [01;31m[Kerror: [m[Kexpected type-specifier before â€˜[01m[Kre_decoder[m[Kâ€™
   36 |     dec1 = new [01;31m[Kre_decoder[m[K(7, 8, callback1);
      |                [01;31m[K^~~~~~~~~~[m[K
[01m[K/home/ubuntu/workspaces/diff_robot/src/diff_interface/src/motor_control.cpp:37:5:[m[K [01;31m[Kerror: [m[Kâ€˜[01m[Kdec2[m[Kâ€™ was not declared in this scope
   37 |     [01;31m[Kdec2[m[K = new re_decoder(17, 18, callback2);
      |     [01;31m[K^~~~[m[K
[01m[K/home/ubuntu/workspaces/diff_robot/src/diff_interface/src/motor_control.cpp:37:16:[m[K [01;31m[Kerror: [m[Kexpected type-specifier before â€˜[01m[Kre_decoder[m[Kâ€™
   37 |     dec2 = new [01;31m[Kre_decoder[m[K(17, 18, callback2);
      |                [01;31m[K^~~~~~~~~~[m[K
make[2]: *** [CMakeFiles/diff_interface.dir/build.make:89: CMakeFiles/diff_interface.dir/src/motor_control.cpp.o] Error 1
make[2]: *** Waiting for unfinished jobs....
make[1]: *** [CMakeFiles/Makefile2:78: CMakeFiles/diff_interface.dir/all] Error 2
make: *** [Makefile:141: all] Error 2
