[0.123s] Invoking command in '/home/ubuntu/workspaces/diff_robot/build/diff_interface': CMAKE_PREFIX_PATH=${CMAKE_PREFIX_PATH}:/opt/ros/foxy /usr/bin/cmake --build /home/ubuntu/workspaces/diff_robot/build/diff_interface -- -j4 -l4
[0.328s] [35m[1mScanning dependencies of target diff_interface[0m
[0.640s] [ 20%] [32mBuilding CXX object CMakeFiles/diff_interface.dir/src/motor_control.cpp.o[0m
[0.651s] [ 40%] [32mBuilding CXX object CMakeFiles/diff_interface.dir/src/diffdrive_MyBot.cpp.o[0m
[6.484s] [01m[K/home/ubuntu/workspaces/diff_robot/src/diff_interface/src/motor_control.cpp:[m[K In function â€˜[01m[Kvoid callback1(int)[m[Kâ€™:
[6.485s] [01m[K/home/ubuntu/workspaces/diff_robot/src/diff_interface/src/motor_control.cpp:11:15:[m[K [01;35m[Kwarning: [m[Kunused variable â€˜[01m[Kpos[m[Kâ€™ [[01;35m[K-Wunused-variable[m[K]
[6.486s]    11 |    static int [01;35m[Kpos[m[K = 0;
[6.487s]       |               [01;35m[K^~~[m[K
[6.782s] [01m[K/home/ubuntu/workspaces/diff_robot/src/diff_interface/src/diffdrive_MyBot.cpp:[m[K In member function â€˜[01m[Kvirtual hardware_interface::return_type DiffDriveMyBot::read()[m[Kâ€™:
[6.783s] [01m[K/home/ubuntu/workspaces/diff_robot/src/diff_interface/src/diffdrive_MyBot.cpp:109:3:[m[K [01;31m[Kerror: [m[Kâ€˜[01m[Kval[m[Kâ€™ was not declared in this scope
[6.784s]   109 |   [01;31m[Kval[m[K = motor_ctr.read_encoders();
[6.785s]       |   [01;31m[K^~~[m[K
[7.897s] [01m[K/home/ubuntu/workspaces/diff_robot/src/diff_interface/src/motor_control.cpp:[m[K At global scope:
[7.898s] [01m[K/home/ubuntu/workspaces/diff_robot/src/diff_interface/src/motor_control.cpp:11:15:[m[K [01;35m[Kwarning: [m[Kâ€˜[01m[Kpos[m[Kâ€™ defined but not used [[01;35m[K-Wunused-variable[m[K]
[9.433s] make[2]: *** [CMakeFiles/diff_interface.dir/build.make:63: CMakeFiles/diff_interface.dir/src/diffdrive_MyBot.cpp.o] Error 1
[9.439s] make[1]: *** [CMakeFiles/Makefile2:78: CMakeFiles/diff_interface.dir/all] Error 2
[9.440s] make: *** [Makefile:141: all] Error 2
[9.442s] Invoked command in '/home/ubuntu/workspaces/diff_robot/build/diff_interface' returned '2': CMAKE_PREFIX_PATH=${CMAKE_PREFIX_PATH}:/opt/ros/foxy /usr/bin/cmake --build /home/ubuntu/workspaces/diff_robot/build/diff_interface -- -j4 -l4
